<?xml version="1.0" encoding="UTF-8"?>
<!-- Generated by org.testng.reporters.JUnitReportReporter -->
<testsuite hostname="Evgenijs-MacBook-Air.local" failures="0" tests="1" name="com.inetBanking.testCases.TC_AddCustomerTest_003" time="16.256" errors="0" timestamp="01 Sep 2020 03:33:24 GMT" skipped="0">
  <testcase classname="com.inetBanking.testCases.TC_AddCustomerTest_003" name="addNewCustomer" time="16.256"/>
</testsuite> <!-- com.inetBanking.testCases.TC_AddCustomerTest_003 -->
