<?xml version="1.0" encoding="UTF-8"?>
<!-- Generated by org.testng.reporters.JUnitReportReporter -->
<testsuite hostname="Evgenijs-MacBook-Air.local" failures="0" tests="1" name="com.inetBanking.testCases.TC_LoginTest_001" time="4.586" errors="0" timestamp="01 Sep 2020 03:33:24 GMT" skipped="0">
  <testcase classname="com.inetBanking.testCases.TC_LoginTest_001" name="logInTest" time="4.586"/>
</testsuite> <!-- com.inetBanking.testCases.TC_LoginTest_001 -->
