<?xml version="1.0" encoding="UTF-8"?>
<!-- Generated by org.testng.reporters.JUnitReportReporter -->
<testsuite hostname="Evgenijs-MacBook-Air.local" failures="0" tests="1" name="com.inetBanking.testCases.TC_LoginDDT_002" time="0.000" errors="0" timestamp="2020-08-28T09:23:10 MDT" skipped="1">
  <testcase classname="com.inetBanking.testCases.TC_LoginDDT_002" name="loginDDT" time="0.000">
    <skipped/>
  </testcase> <!-- loginDDT -->
  <system-out/>
</testsuite> <!-- com.inetBanking.testCases.TC_LoginDDT_002 -->
